Arguments: 
  /Users/simon.verhoeven/.nvm/versions/node/v16.14.0/bin/node /Users/simon.verhoeven/.nvm/versions/node/v16.14.0/bin/yarn install

PATH: 
  /Users/simon.verhoeven/.nvm/versions/node/v16.14.0/bin:/opt/homebrew/bin:/opt/homebrew/sbin:/usr/local/bin:/usr/bin:/bin:/usr/sbin:/sbin:/Applications/VMware Fusion.app/Contents/Public:/usr/local/share/dotnet:~/.dotnet/tools:/Users/simon.verhoeven/.sdkman/candidates/java/current/bin:/Users/simon.verhoeven/.nvm/versions/node/v16.14.0/bin:/opt/homebrew/bin:/opt/homebrew/sbin:/Users/simon.verhoeven/Documents/installs/confluent-7.1.0/bin:/Users/simon.verhoeven/Documents/installs/confluent-7.1.0/bin

Yarn version: 
  1.22.19

Node version: 
  16.14.0

Platform: 
  darwin arm64

Trace: 
  Error: https://registry.yarnpkg.com/@whire-be%2fapi-util: Not found
      at Request.params.callback [as _callback] (/Users/simon.verhoeven/.nvm/versions/node/v16.14.0/lib/node_modules/yarn/lib/cli.js:66145:18)
      at Request.self.callback (/Users/simon.verhoeven/.nvm/versions/node/v16.14.0/lib/node_modules/yarn/lib/cli.js:140890:22)
      at Request.emit (node:events:520:28)
      at Request.<anonymous> (/Users/simon.verhoeven/.nvm/versions/node/v16.14.0/lib/node_modules/yarn/lib/cli.js:141862:10)
      at Request.emit (node:events:520:28)
      at IncomingMessage.<anonymous> (/Users/simon.verhoeven/.nvm/versions/node/v16.14.0/lib/node_modules/yarn/lib/cli.js:141784:12)
      at Object.onceWrapper (node:events:639:28)
      at IncomingMessage.emit (node:events:532:35)
      at endReadableNT (node:internal/streams/readable:1346:12)
      at processTicksAndRejections (node:internal/process/task_queues:83:21)

npm manifest: 
  {
    "name": "arduino-display-be",
    "version": "1.0.0",
    "description": "Whire Backend",
    "main": "dist/index.js",
    "license": "UNLICENSED",
    "private": true,
    "workspaces": {
      "packages": [
        "packages/*",
        "utils/*"
      ]
    },
    "scripts": {
      "preinstall": "echo 'preinstall'",
      "remove:chromium": "echo hello",
      "clean:light": "rm -rf ./tsconfig.build.tsbuildinfo && rm -rf ./dist",
      "clean:full": "yarn run clean:light && rm -rf ./node_modules",
      "test:watch": "jest --watch --runInBand --colors",
      "test": "jest --coverage --runInBand --colors --bail --detectOpenHandles",
      "memory:test": "yarn node --expose-gc $(yarn bin jest) --coverage --runInBand --colors --bail --detectOpenHandles --logHeapUsage",
      "local:db:populate": "lerna run local:db:populate --scope @whire-be/lambda-gql-api",
      "local:db:force:stop": "lerna run force:stop --scope @whire-be/lambda-gql-api --stream",
      "lint": "yarn eslint './{utils,packages}/**/src/**/*.ts'",
      "pretty": "yarn prettier --write './{utils,packages}/**/src/**/*.ts'",
      "typecheck": "yarn lerna run typecheck --parallel",
      "run:start": "lerna run start --stream --parallel --ignore @whire-be/cognito-linkedin-openid-wrapper",
      "start": "ENV=test yarn run:start",
      "start:staging": "ENV=staging yarn run:start",
      "start:prod": "ENV=prod yarn run:start",
      "linkedin-openid-wrapper:start": "lerna run start --stream --parallel --scope @whire-be/cognito-linkedin-openid-wrapper",
      "build": "lerna run build",
      "pre:deploy": "lerna run pre:deploy --concurrency 1",
      "start:local:server": "lerna run start --stream --parallel --scope @whire-be/local-lambda-server --scope @whire-be/lambda-gql-api",
      "force:stop": "lerna run force:stop --stream --parallel",
      "cdk:synth": "lerna run synth --scope @arduino-display/cdk-app && rm -rf cdk.out && cp -r packages/cdk-app/cdk.out cdk.out",
      "cdk:deploy": "lerna run deploy --stream --scope @arduino-display/cdk-app",
      "cdk:deploy:demo": "lerna run deploy:demo --stream --scope @arduino-display/cdk-app",
      "ci:test": "yarn node --max-old-space-size=6144 $(yarn bin jest) --coverage --runInBand --colors --bail --detectOpenHandles",
      "ci:test:with:env": "run-s ci:start:db ci:test",
      "ci:start:db": "lerna run start:mongo:db:inline --scope @whire-be/local-lambda-server --stream",
      "lambda-outlook-scraper:build:pre-deploy": "cd packages/lambda-outlook-scraper && yarn build && yarn pre:deploy",
      "lambda-outlook-scraper-trigger:build:pre-deploy": "cd packages/lambda-outlook-scraper-trigger && yarn build && yarn pre:deploy",
      "stop": "kill-port 4321 3100",
      "mongo:prod:snapshot": "yarn mongo-util snapshot --fromEnv=prod",
      "mongo:prod:to:staging": "yarn mongo-util copy-tables --fromEnv=prod --toEnv=staging",
      "mongo:prod:to:test": "yarn mongo-util copy-tables --fromEnv=prod --toEnv=test --toIsLocal=true",
      "mongo:staging:to:test": "yarn mongo-util copy-tables --fromEnv=staging --toEnv=test --toIsLocal=true"
    },
    "author": "Simon Verhoeven",
    "dependencies": {
      "@types/jest": "^27.0.3",
      "@types/uuid": "^8.3.1",
      "express": "^4.17.1",
      "kill-port": "^1.6.1",
      "npm-run-all": "^4.1.5",
      "tsconfig-paths": "^3.11.0",
      "tsconfig-paths-jest": "^0.0.1",
      "uuid": "^8.3.2"
    },
    "devDependencies": {
      "@types/jest": "^27.0.3",
      "@types/node": "^16.11.7",
      "@typescript-eslint/eslint-plugin": "^4.31.2",
      "@typescript-eslint/parser": "^4.31.2",
      "@whire-be/api-util": "^1.0.0",
      "@whire-be/mongo-util": "^1.0.0",
      "eslint": "^7.32.0",
      "eslint-config-airbnb": "^18.2.1",
      "eslint-config-airbnb-base": "^14.2.1",
      "eslint-config-prettier": "^8.3.0",
      "eslint-plugin-import": "^2.24.2",
      "eslint-plugin-jsx-a11y": "^6.4.1",
      "eslint-plugin-prettier": "^4.0.0",
      "eslint-plugin-react": "7.21.5",
      "eslint-plugin-react-hooks": "^4.3.0",
      "husky": "^4.3.8",
      "jest": "^27.4.5",
      "lerna": "^4.0.0",
      "lint-staged": "^11.1.2",
      "prettier": "^2.4.1",
      "puppeteer-extra-plugin-stealth": "^2.9.0",
      "puppeteer-extra-plugin-user-data-dir": "^2.3.1",
      "puppeteer-extra-plugin-user-preferences": "^2.3.1",
      "ts-jest": "^27.1.1",
      "ts-node": "^10.4.0",
      "tsconfig-paths": "^3.11.0",
      "ttypescript": "^1.5.12",
      "typescript": "^4.4.4",
      "typescript-transform-paths": "^2.0.0"
    },
    "resolutions": {
      "aws-sdk": "2.965.0"
    },
    "lint-staged": {
      "{packages,utils}/*/src/**/*.{ts,tsx}": [
        "prettier --write",
        "eslint --fix",
        "jest --bail --runInBand --findRelatedTests"
      ],
      "{packages,utils}/*/src/**/*.{json,ts,tsx,html,css,scss}": [
        "prettier --write --config ./.prettierrc"
      ]
    },
    "husky": {
      "hooks": {
        "pre-commit": "lint-staged && lerna run precommit --parallel --since HEAD"
      }
    },
    "packageManager": "yarn@3.1.0"
  }

yarn manifest: 
  No manifest

Lockfile: 
  No lockfile
